  [1m[35m (4.7ms)[0m  [1m[35mCREATE TABLE "schema_migrations" ("version" character varying NOT NULL PRIMARY KEY)[0m
  [1m[35m (2.7ms)[0m  [1m[35mCREATE TABLE "ar_internal_metadata" ("key" character varying NOT NULL PRIMARY KEY, "value" character varying, "created_at" timestamp NOT NULL, "updated_at" timestamp NOT NULL)[0m
  [1m[35m (0.5ms)[0m  [1m[34mSELECT pg_try_advisory_lock(5413344778902450075);[0m
  [1m[35m (0.8ms)[0m  [1m[34mSELECT "schema_migrations"."version" FROM "schema_migrations" ORDER BY "schema_migrations"."version" ASC[0m
Migrating to CreatePosts (20170615054054)
  [1m[35m (0.2ms)[0m  [1m[35mBEGIN[0m
  [1m[35m (4.9ms)[0m  [1m[35mCREATE TABLE "posts" ("id" bigserial primary key, "title" character varying, "body" text, "created_at" timestamp NOT NULL, "updated_at" timestamp NOT NULL)[0m
  [1m[35mSQL (0.7ms)[0m  [1m[32mINSERT INTO "schema_migrations" ("version") VALUES ($1) RETURNING "version"[0m  [["version", "20170615054054"]]
  [1m[35m (0.4ms)[0m  [1m[35mCOMMIT[0m
  [1m[36mActiveRecord::InternalMetadata Load (0.4ms)[0m  [1m[34mSELECT  "ar_internal_metadata".* FROM "ar_internal_metadata" WHERE "ar_internal_metadata"."key" = $1 LIMIT $2[0m  [["key", "environment"], ["LIMIT", 1]]
  [1m[35m (1.1ms)[0m  [1m[35mBEGIN[0m
  [1m[35mSQL (1.1ms)[0m  [1m[32mINSERT INTO "ar_internal_metadata" ("key", "value", "created_at", "updated_at") VALUES ($1, $2, $3, $4) RETURNING "key"[0m  [["key", "environment"], ["value", "development"], ["created_at", "2017-06-15 05:50:07.789514"], ["updated_at", "2017-06-15 05:50:07.789514"]]
  [1m[35m (0.4ms)[0m  [1m[35mCOMMIT[0m
  [1m[35m (0.4ms)[0m  [1m[34mSELECT pg_advisory_unlock(5413344778902450075)[0m
  [1m[35m (0.4ms)[0m  [1m[34mSELECT "schema_migrations"."version" FROM "schema_migrations" ORDER BY "schema_migrations"."version" ASC[0m
Started GET "/" for 127.0.0.1 at 2017-06-14 23:51:33 -0600
  [1m[35m (0.7ms)[0m  [1m[34mSELECT "schema_migrations"."version" FROM "schema_migrations" ORDER BY "schema_migrations"."version" ASC[0m
Processing by PostsController#index as HTML
  Rendering posts/index.html.erb within layouts/application
  [1m[36mPost Load (1.7ms)[0m  [1m[34mSELECT "posts".* FROM "posts"[0m
  Rendered posts/index.html.erb within layouts/application (7.3ms)
Completed 200 OK in 647ms (Views: 622.2ms | ActiveRecord: 3.7ms)


Started GET "/posts/new" for 127.0.0.1 at 2017-06-14 23:51:37 -0600
Processing by PostsController#new as HTML
  Rendering posts/new.html.erb within layouts/application
  Rendered posts/_form.html.erb (13.1ms) [cache miss]
  Rendered posts/new.html.erb within layouts/application (15.2ms)
Completed 200 OK in 48ms (Views: 31.0ms | ActiveRecord: 6.4ms)


Started POST "/posts" for 127.0.0.1 at 2017-06-14 23:51:43 -0600
Processing by PostsController#create as HTML
  Parameters: {"utf8"=>"✓", "authenticity_token"=>"PrBhASVxLbOJJ/7WlmnBb15MvVFwdTSM5ZSJzQUHvfbu8kGj54i4tnsV4vHL5qow5V52pRFMMGQGMWXjew/y5g==", "post"=>{"title"=>"Hello", "body"=>"Hello, world!"}, "commit"=>"Create Post"}
  [1m[35m (0.2ms)[0m  [1m[35mBEGIN[0m
  [1m[35mSQL (0.7ms)[0m  [1m[32mINSERT INTO "posts" ("title", "body", "created_at", "updated_at") VALUES ($1, $2, $3, $4) RETURNING "id"[0m  [["title", "Hello"], ["body", "Hello, world!"], ["created_at", "2017-06-15 05:51:43.969847"], ["updated_at", "2017-06-15 05:51:43.969847"]]
  [1m[35m (0.4ms)[0m  [1m[35mCOMMIT[0m
Redirected to http://localhost:3000/posts/1
Completed 302 Found in 7ms (ActiveRecord: 1.3ms)


Started GET "/posts/1" for 127.0.0.1 at 2017-06-14 23:51:43 -0600
Processing by PostsController#show as HTML
  Parameters: {"id"=>"1"}
  [1m[36mPost Load (0.5ms)[0m  [1m[34mSELECT  "posts".* FROM "posts" WHERE "posts"."id" = $1 LIMIT $2[0m  [["id", 1], ["LIMIT", 1]]
  Rendering posts/show.html.erb within layouts/application
  Rendered posts/show.html.erb within layouts/application (0.8ms)
Completed 200 OK in 22ms (Views: 14.8ms | ActiveRecord: 0.7ms)


Started GET "/posts" for 127.0.0.1 at 2017-06-14 23:51:45 -0600
Processing by PostsController#index as HTML
  Rendering posts/index.html.erb within layouts/application
  [1m[36mPost Load (0.4ms)[0m  [1m[34mSELECT "posts".* FROM "posts"[0m
  Rendered posts/index.html.erb within layouts/application (3.0ms)
Completed 200 OK in 23ms (Views: 18.4ms | ActiveRecord: 0.4ms)


Started GET "/posts" for 127.0.0.1 at 2017-06-15 22:21:09 -0600
  [1m[35m (1.5ms)[0m  [1m[34mSELECT "schema_migrations"."version" FROM "schema_migrations" ORDER BY "schema_migrations"."version" ASC[0m
Processing by PostsController#index as HTML
  Rendering posts/index.html.erb within layouts/application
  [1m[36mPost Load (1.5ms)[0m  [1m[34mSELECT "posts".* FROM "posts"[0m
  Rendered posts/index.html.erb within layouts/application (15.9ms)
Completed 200 OK in 205ms (Views: 181.9ms | ActiveRecord: 8.4ms)


Started GET "/posts" for 127.0.0.1 at 2017-06-15 22:25:15 -0600
Processing by PostsController#index as HTML
  Rendering posts/index.html.erb within layouts/application
  [1m[36mPost Load (0.2ms)[0m  [1m[34mSELECT "posts".* FROM "posts"[0m
  Rendered posts/index.html.erb within layouts/application (11.3ms)
Completed 200 OK in 86ms (Views: 72.9ms | ActiveRecord: 4.4ms)


Started GET "/posts" for 127.0.0.1 at 2017-06-15 22:25:17 -0600
Processing by PostsController#index as HTML
  Rendering posts/index.html.erb within layouts/application
  [1m[36mPost Load (0.3ms)[0m  [1m[34mSELECT "posts".* FROM "posts"[0m
  Rendered posts/index.html.erb within layouts/application (1.9ms)
Completed 200 OK in 41ms (Views: 38.7ms | ActiveRecord: 0.3ms)


Started GET "/" for 127.0.0.1 at 2017-06-15 22:25:21 -0600
Processing by PagesController#comingsoon as HTML
  Rendering pages/comingsoon.html.erb within layouts/application
  Rendered pages/comingsoon.html.erb within layouts/application (0.3ms)
Completed 200 OK in 29ms (Views: 24.8ms | ActiveRecord: 0.0ms)


Started GET "/posts/new" for 127.0.0.1 at 2017-06-15 22:25:21 -0600
Processing by PostsController#new as HTML
Started GET "/" for 127.0.0.1 at 2017-06-15 22:25:21 -0600
Processing by PagesController#comingsoon as HTML
  Rendering posts/new.html.erb within layouts/application
  Rendering pages/comingsoon.html.erb within layouts/application
  Rendered pages/comingsoon.html.erb within layouts/application (0.3ms)
Completed 200 OK in 34ms (Views: 30.8ms | ActiveRecord: 0.0ms)


  Rendered posts/_form.html.erb (33.1ms) [cache miss]
  Rendered posts/new.html.erb within layouts/application (36.8ms)
Completed 200 OK in 88ms (Views: 81.8ms | ActiveRecord: 0.0ms)


Started GET "/" for 127.0.0.1 at 2017-06-15 22:25:31 -0600
Processing by PagesController#comingsoon as HTML
  Rendering pages/comingsoon.html.erb within layouts/application
  Rendered pages/comingsoon.html.erb within layouts/application (0.4ms)
Completed 200 OK in 36ms (Views: 33.8ms | ActiveRecord: 0.0ms)


Started GET "/" for 127.0.0.1 at 2017-06-15 22:25:35 -0600
Processing by PagesController#comingsoon as HTML
  Rendering pages/comingsoon.html.erb within layouts/application
  Rendered pages/comingsoon.html.erb within layouts/application (0.2ms)
Completed 200 OK in 19ms (Views: 17.5ms | ActiveRecord: 0.0ms)


Started GET "/posts" for 127.0.0.1 at 2017-06-15 22:25:36 -0600
  
ActionController::RoutingError (No route matches [GET] "/posts"):
  
actionpack (5.1.1) lib/action_dispatch/middleware/debug_exceptions.rb:63:in `call'
web-console (3.5.1) lib/web_console/middleware.rb:135:in `call_app'
web-console (3.5.1) lib/web_console/middleware.rb:28:in `block in call'
web-console (3.5.1) lib/web_console/middleware.rb:18:in `catch'
web-console (3.5.1) lib/web_console/middleware.rb:18:in `call'
actionpack (5.1.1) lib/action_dispatch/middleware/show_exceptions.rb:31:in `call'
railties (5.1.1) lib/rails/rack/logger.rb:36:in `call_app'
railties (5.1.1) lib/rails/rack/logger.rb:24:in `block in call'
activesupport (5.1.1) lib/active_support/tagged_logging.rb:69:in `block in tagged'
activesupport (5.1.1) lib/active_support/tagged_logging.rb:26:in `tagged'
activesupport (5.1.1) lib/active_support/tagged_logging.rb:69:in `tagged'
railties (5.1.1) lib/rails/rack/logger.rb:24:in `call'
sprockets-rails (3.2.0) lib/sprockets/rails/quiet_assets.rb:13:in `call'
actionpack (5.1.1) lib/action_dispatch/middleware/remote_ip.rb:79:in `call'
actionpack (5.1.1) lib/action_dispatch/middleware/request_id.rb:25:in `call'
rack (2.0.3) lib/rack/method_override.rb:22:in `call'
rack (2.0.3) lib/rack/runtime.rb:22:in `call'
activesupport (5.1.1) lib/active_support/cache/strategy/local_cache_middleware.rb:27:in `call'
actionpack (5.1.1) lib/action_dispatch/middleware/executor.rb:12:in `call'
actionpack (5.1.1) lib/action_dispatch/middleware/static.rb:125:in `call'
rack (2.0.3) lib/rack/sendfile.rb:111:in `call'
railties (5.1.1) lib/rails/engine.rb:522:in `call'
puma (3.9.1) lib/puma/configuration.rb:224:in `call'
puma (3.9.1) lib/puma/server.rb:602:in `handle_request'
puma (3.9.1) lib/puma/server.rb:435:in `process_client'
puma (3.9.1) lib/puma/server.rb:299:in `block in run'
puma (3.9.1) lib/puma/thread_pool.rb:120:in `block in spawn_thread'
Started GET "/posts" for 127.0.0.1 at 2017-06-15 22:25:36 -0600
  
ActionController::RoutingError (No route matches [GET] "/posts"):
  
actionpack (5.1.1) lib/action_dispatch/middleware/debug_exceptions.rb:63:in `call'
web-console (3.5.1) lib/web_console/middleware.rb:135:in `call_app'
web-console (3.5.1) lib/web_console/middleware.rb:28:in `block in call'
web-console (3.5.1) lib/web_console/middleware.rb:18:in `catch'
web-console (3.5.1) lib/web_console/middleware.rb:18:in `call'
actionpack (5.1.1) lib/action_dispatch/middleware/show_exceptions.rb:31:in `call'
railties (5.1.1) lib/rails/rack/logger.rb:36:in `call_app'
railties (5.1.1) lib/rails/rack/logger.rb:24:in `block in call'
activesupport (5.1.1) lib/active_support/tagged_logging.rb:69:in `block in tagged'
activesupport (5.1.1) lib/active_support/tagged_logging.rb:26:in `tagged'
activesupport (5.1.1) lib/active_support/tagged_logging.rb:69:in `tagged'
railties (5.1.1) lib/rails/rack/logger.rb:24:in `call'
sprockets-rails (3.2.0) lib/sprockets/rails/quiet_assets.rb:13:in `call'
actionpack (5.1.1) lib/action_dispatch/middleware/remote_ip.rb:79:in `call'
actionpack (5.1.1) lib/action_dispatch/middleware/request_id.rb:25:in `call'
rack (2.0.3) lib/rack/method_override.rb:22:in `call'
rack (2.0.3) lib/rack/runtime.rb:22:in `call'
activesupport (5.1.1) lib/active_support/cache/strategy/local_cache_middleware.rb:27:in `call'
actionpack (5.1.1) lib/action_dispatch/middleware/executor.rb:12:in `call'
actionpack (5.1.1) lib/action_dispatch/middleware/static.rb:125:in `call'
rack (2.0.3) lib/rack/sendfile.rb:111:in `call'
railties (5.1.1) lib/rails/engine.rb:522:in `call'
puma (3.9.1) lib/puma/configuration.rb:224:in `call'
puma (3.9.1) lib/puma/server.rb:602:in `handle_request'
puma (3.9.1) lib/puma/server.rb:435:in `process_client'
puma (3.9.1) lib/puma/server.rb:299:in `block in run'
puma (3.9.1) lib/puma/thread_pool.rb:120:in `block in spawn_thread'
Started GET "/" for 127.0.0.1 at 2017-06-15 22:25:40 -0600
Processing by PagesController#comingsoon as HTML
  Rendering pages/comingsoon.html.erb within layouts/application
  Rendered pages/comingsoon.html.erb within layouts/application (0.5ms)
Completed 200 OK in 23ms (Views: 20.1ms | ActiveRecord: 0.0ms)


Started GET "/" for 127.0.0.1 at 2017-06-15 22:26:39 -0600
Processing by PagesController#comingsoon as HTML
  Rendering pages/comingsoon.html.erb within layouts/application
  Rendered pages/comingsoon.html.erb within layouts/application (0.3ms)
Completed 200 OK in 35ms (Views: 33.6ms | ActiveRecord: 0.0ms)


Started GET "/" for 127.0.0.1 at 2017-06-15 22:26:50 -0600
Processing by PagesController#comingsoon as HTML
  Rendering pages/comingsoon.html.erb within layouts/application
  Rendered pages/comingsoon.html.erb within layouts/application (0.3ms)
Completed 200 OK in 28ms (Views: 26.8ms | ActiveRecord: 0.0ms)


Started GET "/" for 127.0.0.1 at 2017-06-15 22:28:06 -0600
Processing by PagesController#comingsoon as HTML
  Rendering pages/comingsoon.html.erb within layouts/application
  Rendered pages/comingsoon.html.erb within layouts/application (0.4ms)
Completed 200 OK in 27ms (Views: 25.6ms | ActiveRecord: 0.0ms)


Started GET "/" for 127.0.0.1 at 2017-06-15 22:29:17 -0600
Processing by PagesController#comingsoon as HTML
  Rendering pages/comingsoon.html.erb within layouts/application
  Rendered pages/comingsoon.html.erb within layouts/application (0.3ms)
Completed 200 OK in 28ms (Views: 27.0ms | ActiveRecord: 0.0ms)


Started GET "/" for 127.0.0.1 at 2017-06-15 22:29:39 -0600
Processing by PagesController#comingsoon as HTML
  Rendering pages/comingsoon.html.erb within layouts/application
  Rendered pages/comingsoon.html.erb within layouts/application (0.3ms)
Completed 200 OK in 32ms (Views: 30.1ms | ActiveRecord: 0.0ms)


Started GET "/" for 127.0.0.1 at 2017-06-15 22:30:01 -0600
Processing by PagesController#comingsoon as HTML
  Rendering pages/comingsoon.html.erb within layouts/application
  Rendered pages/comingsoon.html.erb within layouts/application (0.3ms)
Completed 200 OK in 40ms (Views: 38.9ms | ActiveRecord: 0.0ms)


Started GET "/" for 127.0.0.1 at 2017-06-15 22:30:09 -0600
Processing by PagesController#comingsoon as HTML
  Rendering pages/comingsoon.html.erb within layouts/application
  Rendered pages/comingsoon.html.erb within layouts/application (0.3ms)
Completed 200 OK in 17ms (Views: 15.2ms | ActiveRecord: 0.0ms)


Started GET "/" for 127.0.0.1 at 2017-06-15 22:31:28 -0600
Processing by PagesController#comingsoon as HTML
  Rendering pages/comingsoon.html.erb within layouts/application
  Rendered pages/comingsoon.html.erb within layouts/application (0.3ms)
Completed 200 OK in 16ms (Views: 14.9ms | ActiveRecord: 0.0ms)


Started GET "/" for 127.0.0.1 at 2017-06-15 22:33:06 -0600
Processing by PagesController#comingsoon as HTML
  Rendering pages/comingsoon.html.erb within layouts/application
  Rendered pages/comingsoon.html.erb within layouts/application (0.6ms)
Completed 200 OK in 17ms (Views: 15.7ms | ActiveRecord: 0.0ms)


Started GET "/" for 127.0.0.1 at 2017-06-15 22:33:51 -0600
Processing by PagesController#comingsoon as HTML
  Rendering pages/comingsoon.html.erb within layouts/application
  Rendered pages/comingsoon.html.erb within layouts/application (0.3ms)
Completed 200 OK in 22ms (Views: 21.0ms | ActiveRecord: 0.0ms)


Started GET "/" for 127.0.0.1 at 2017-06-15 22:34:11 -0600
Processing by PagesController#comingsoon as HTML
  Rendering pages/comingsoon.html.erb within layouts/application
  Rendered pages/comingsoon.html.erb within layouts/application (0.3ms)
Completed 200 OK in 16ms (Views: 14.9ms | ActiveRecord: 0.0ms)


Started GET "/" for 127.0.0.1 at 2017-06-15 22:35:18 -0600
Processing by PagesController#comingsoon as HTML
  Rendering pages/comingsoon.html.erb within layouts/application
  Rendered pages/comingsoon.html.erb within layouts/application (0.3ms)
Completed 200 OK in 28ms (Views: 26.7ms | ActiveRecord: 0.0ms)


Started GET "/" for 127.0.0.1 at 2017-06-15 22:36:04 -0600
Processing by PagesController#comingsoon as HTML
  Rendering pages/comingsoon.html.erb within layouts/application
  Rendered pages/comingsoon.html.erb within layouts/application (0.3ms)
Completed 200 OK in 19ms (Views: 17.2ms | ActiveRecord: 0.0ms)


Started GET "/" for 127.0.0.1 at 2017-06-15 22:36:21 -0600
Processing by PagesController#comingsoon as HTML
  Rendering pages/comingsoon.html.erb within layouts/application
  Rendered pages/comingsoon.html.erb within layouts/application (0.3ms)
Completed 200 OK in 25ms (Views: 23.3ms | ActiveRecord: 0.0ms)


Started GET "/" for 127.0.0.1 at 2017-06-15 22:36:52 -0600
Processing by PagesController#comingsoon as HTML
  Rendering pages/comingsoon.html.erb within layouts/application
  Rendered pages/comingsoon.html.erb within layouts/application (0.3ms)
Completed 200 OK in 31ms (Views: 28.9ms | ActiveRecord: 0.0ms)


Started GET "/" for 127.0.0.1 at 2017-06-15 22:40:27 -0600
Processing by PagesController#comingsoon as HTML
  Rendering pages/comingsoon.html.erb within layouts/application
  Rendered pages/comingsoon.html.erb within layouts/application (0.3ms)
Completed 200 OK in 62ms (Views: 60.0ms | ActiveRecord: 0.0ms)


Started GET "/" for 127.0.0.1 at 2017-06-15 22:41:07 -0600
Processing by PagesController#comingsoon as HTML
  Rendering pages/comingsoon.html.erb within layouts/application
  Rendered pages/comingsoon.html.erb within layouts/application (0.3ms)
Completed 200 OK in 55ms (Views: 52.4ms | ActiveRecord: 0.0ms)


Started GET "/" for 127.0.0.1 at 2017-06-15 22:41:26 -0600
Processing by PagesController#comingsoon as HTML
  Rendering pages/comingsoon.html.erb within layouts/application
  Rendered pages/comingsoon.html.erb within layouts/application (0.4ms)
Completed 200 OK in 37ms (Views: 34.8ms | ActiveRecord: 0.0ms)


Started GET "/" for 127.0.0.1 at 2017-06-15 22:41:37 -0600
Processing by PagesController#comingsoon as HTML
  Rendering pages/comingsoon.html.erb within layouts/application
  Rendered pages/comingsoon.html.erb within layouts/application (0.3ms)
Completed 200 OK in 45ms (Views: 43.0ms | ActiveRecord: 0.0ms)


Started GET "/" for 127.0.0.1 at 2017-06-15 22:43:49 -0600
Processing by PagesController#comingsoon as HTML
  Rendering pages/comingsoon.html.erb within layouts/application
  Rendered pages/comingsoon.html.erb within layouts/application (0.8ms)
Completed 200 OK in 70ms (Views: 68.1ms | ActiveRecord: 0.0ms)


Started GET "/" for 127.0.0.1 at 2017-06-15 22:44:13 -0600
Processing by PagesController#comingsoon as HTML
  Rendering pages/comingsoon.html.erb within layouts/application
  Rendered pages/comingsoon.html.erb within layouts/application (0.6ms)
Completed 200 OK in 58ms (Views: 56.0ms | ActiveRecord: 0.0ms)


Started GET "/" for 127.0.0.1 at 2017-06-15 22:44:20 -0600
Processing by PagesController#comingsoon as HTML
  Rendering pages/comingsoon.html.erb within layouts/application
  Rendered pages/comingsoon.html.erb within layouts/application (0.4ms)
Completed 200 OK in 52ms (Views: 50.7ms | ActiveRecord: 0.0ms)


Started GET "/" for 127.0.0.1 at 2017-06-15 22:44:29 -0600
Processing by PagesController#comingsoon as HTML
  Rendering pages/comingsoon.html.erb within layouts/application
  Rendered pages/comingsoon.html.erb within layouts/application (0.4ms)
Completed 200 OK in 61ms (Views: 59.0ms | ActiveRecord: 0.0ms)


Started GET "/" for 127.0.0.1 at 2017-06-15 22:45:14 -0600
Processing by PagesController#comingsoon as HTML
  Rendering pages/comingsoon.html.erb within layouts/application
  Rendered pages/comingsoon.html.erb within layouts/application (0.5ms)
Completed 200 OK in 53ms (Views: 51.6ms | ActiveRecord: 0.0ms)


Started GET "/" for 127.0.0.1 at 2017-06-15 22:45:32 -0600
Processing by PagesController#comingsoon as HTML
  Rendering pages/comingsoon.html.erb within layouts/application
  Rendered pages/comingsoon.html.erb within layouts/application (0.3ms)
Completed 200 OK in 48ms (Views: 46.7ms | ActiveRecord: 0.0ms)


Started GET "/" for 127.0.0.1 at 2017-06-15 23:00:25 -0600
Processing by PagesController#comingsoon as HTML
  Rendering pages/comingsoon.html.erb within layouts/application
  Rendered pages/comingsoon.html.erb within layouts/application (0.4ms)
Completed 200 OK in 58ms (Views: 56.3ms | ActiveRecord: 0.0ms)


Started GET "/" for 127.0.0.1 at 2017-06-15 23:00:35 -0600
Processing by PagesController#comingsoon as HTML
  Rendering pages/comingsoon.html.erb within layouts/application
  Rendered pages/comingsoon.html.erb within layouts/application (0.4ms)
Completed 200 OK in 40ms (Views: 38.2ms | ActiveRecord: 0.0ms)


Started GET "/" for 127.0.0.1 at 2017-06-15 23:00:49 -0600
Processing by PagesController#comingsoon as HTML
  Rendering pages/comingsoon.html.erb within layouts/application
  Rendered pages/comingsoon.html.erb within layouts/application (0.3ms)
Completed 200 OK in 19ms (Views: 17.8ms | ActiveRecord: 0.0ms)


Started GET "/" for 127.0.0.1 at 2017-06-15 23:01:03 -0600
Processing by PagesController#comingsoon as HTML
  Rendering pages/comingsoon.html.erb within layouts/application
  Rendered pages/comingsoon.html.erb within layouts/application (0.3ms)
Completed 200 OK in 36ms (Views: 29.5ms | ActiveRecord: 0.0ms)


Started GET "/" for 127.0.0.1 at 2017-06-15 23:01:19 -0600
Processing by PagesController#comingsoon as HTML
  Rendering pages/comingsoon.html.erb within layouts/application
  Rendered pages/comingsoon.html.erb within layouts/application (0.4ms)
Completed 200 OK in 34ms (Views: 32.6ms | ActiveRecord: 0.0ms)


Started GET "/" for 127.0.0.1 at 2017-06-15 23:01:28 -0600
Processing by PagesController#comingsoon as HTML
  Rendering pages/comingsoon.html.erb within layouts/application
  Rendered pages/comingsoon.html.erb within layouts/application (0.4ms)
Completed 200 OK in 17ms (Views: 15.9ms | ActiveRecord: 0.0ms)


Started GET "/" for 127.0.0.1 at 2017-06-15 23:01:33 -0600
Processing by PagesController#comingsoon as HTML
  Rendering pages/comingsoon.html.erb within layouts/application
  Rendered pages/comingsoon.html.erb within layouts/application (0.4ms)
Completed 200 OK in 38ms (Views: 37.0ms | ActiveRecord: 0.0ms)


Started GET "/" for 127.0.0.1 at 2017-06-15 23:02:37 -0600
Processing by PagesController#comingsoon as HTML
  Rendering pages/comingsoon.html.erb within layouts/application
  Rendered pages/comingsoon.html.erb within layouts/application (0.4ms)
Completed 200 OK in 44ms (Views: 42.4ms | ActiveRecord: 0.0ms)


Started GET "/" for 127.0.0.1 at 2017-06-15 23:02:47 -0600
Processing by PagesController#comingsoon as HTML
  Rendering pages/comingsoon.html.erb within layouts/application
  Rendered pages/comingsoon.html.erb within layouts/application (0.3ms)
Completed 200 OK in 18ms (Views: 16.2ms | ActiveRecord: 0.0ms)


Started GET "/" for 127.0.0.1 at 2017-06-15 23:04:04 -0600
Processing by PagesController#comingsoon as HTML
  Rendering pages/comingsoon.html.erb within layouts/application
  Rendered pages/comingsoon.html.erb within layouts/application (0.3ms)
Completed 200 OK in 43ms (Views: 41.3ms | ActiveRecord: 0.0ms)


Started GET "/" for 127.0.0.1 at 2017-06-15 23:04:10 -0600
Processing by PagesController#comingsoon as HTML
  Rendering pages/comingsoon.html.erb within layouts/application
  Rendered pages/comingsoon.html.erb within layouts/application (0.3ms)
Completed 200 OK in 39ms (Views: 37.6ms | ActiveRecord: 0.0ms)


Started GET "/" for 127.0.0.1 at 2017-06-15 23:04:36 -0600
Processing by PagesController#comingsoon as HTML
  Rendering pages/comingsoon.html.erb within layouts/application
  Rendered pages/comingsoon.html.erb within layouts/application (0.5ms)
Completed 200 OK in 41ms (Views: 39.7ms | ActiveRecord: 0.0ms)


Started GET "/" for 127.0.0.1 at 2017-06-15 23:04:49 -0600
Processing by PagesController#comingsoon as HTML
  Rendering pages/comingsoon.html.erb within layouts/application
  Rendered pages/comingsoon.html.erb within layouts/application (0.4ms)
Completed 200 OK in 43ms (Views: 41.3ms | ActiveRecord: 0.0ms)


Started GET "/" for 127.0.0.1 at 2017-06-15 23:04:59 -0600
Processing by PagesController#comingsoon as HTML
  Rendering pages/comingsoon.html.erb within layouts/application
  Rendered pages/comingsoon.html.erb within layouts/application (0.4ms)
Completed 200 OK in 20ms (Views: 18.3ms | ActiveRecord: 0.0ms)


Started GET "/" for 127.0.0.1 at 2017-06-15 23:19:13 -0600
Processing by PagesController#comingsoon as HTML
  Rendering pages/comingsoon.html.erb within layouts/application
  Rendered pages/comingsoon.html.erb within layouts/application (0.4ms)
Completed 200 OK in 37ms (Views: 35.4ms | ActiveRecord: 0.0ms)


Started GET "/" for 127.0.0.1 at 2017-06-15 23:19:25 -0600
Processing by PagesController#comingsoon as HTML
  Rendering pages/comingsoon.html.erb within layouts/application
  Rendered pages/comingsoon.html.erb within layouts/application (0.3ms)
Completed 200 OK in 38ms (Views: 36.3ms | ActiveRecord: 0.0ms)


Started GET "/" for 127.0.0.1 at 2017-06-15 23:26:28 -0600
Processing by PagesController#comingsoon as HTML
  Rendering pages/comingsoon.html.erb within layouts/application
  Rendered pages/comingsoon.html.erb within layouts/application (0.3ms)
Completed 200 OK in 36ms (Views: 35.0ms | ActiveRecord: 0.0ms)


Started GET "/" for 127.0.0.1 at 2017-06-15 23:27:01 -0600
Processing by PagesController#comingsoon as HTML
  Rendering pages/comingsoon.html.erb within layouts/application
  Rendered pages/comingsoon.html.erb within layouts/application (0.3ms)
Completed 200 OK in 37ms (Views: 35.0ms | ActiveRecord: 0.0ms)


Started GET "/" for 127.0.0.1 at 2017-06-15 23:27:21 -0600
Processing by PagesController#comingsoon as HTML
  Rendering pages/comingsoon.html.erb within layouts/application
  Rendered pages/comingsoon.html.erb within layouts/application (0.3ms)
Completed 200 OK in 20ms (Views: 17.8ms | ActiveRecord: 0.0ms)


Started GET "/" for 127.0.0.1 at 2017-06-15 23:27:47 -0600
Processing by PagesController#comingsoon as HTML
  Rendering pages/comingsoon.html.erb within layouts/application
  Rendered pages/comingsoon.html.erb within layouts/application (0.3ms)
Completed 500 Internal Server Error in 17ms (ActiveRecord: 0.0ms)


  
ActionView::Template::Error (Invalid CSS after "  #00D364": expected "{", was ";"):
    4:     <title>TtLife</title>
    5:     <%= csrf_meta_tags %>
    6: 
    7:     <%= stylesheet_link_tag    'application', media: 'all', 'data-turbolinks-track': 'reload' %>
    8:     <%= javascript_include_tag 'application', 'data-turbolinks-track': 'reload' %>
    9:   </head>
   10: 
  
app/assets/stylesheets/pages.scss:38
app/views/layouts/application.html.erb:7:in `_app_views_layouts_application_html_erb___4096701197939659051_70176259572600'
Started GET "/" for 127.0.0.1 at 2017-06-15 23:27:53 -0600
Processing by PagesController#comingsoon as HTML
  Rendering pages/comingsoon.html.erb within layouts/application
  Rendered pages/comingsoon.html.erb within layouts/application (0.3ms)
Completed 200 OK in 35ms (Views: 33.4ms | ActiveRecord: 0.0ms)


Started GET "/" for 127.0.0.1 at 2017-06-15 23:28:06 -0600
Processing by PagesController#comingsoon as HTML
  Rendering pages/comingsoon.html.erb within layouts/application
  Rendered pages/comingsoon.html.erb within layouts/application (0.4ms)
Completed 200 OK in 25ms (Views: 23.6ms | ActiveRecord: 0.0ms)


Started GET "/" for 127.0.0.1 at 2017-06-15 23:28:51 -0600
Processing by PagesController#comingsoon as HTML
  Rendering pages/comingsoon.html.erb within layouts/application
  Rendered pages/comingsoon.html.erb within layouts/application (0.3ms)
Completed 200 OK in 35ms (Views: 33.9ms | ActiveRecord: 0.0ms)


Started GET "/" for 127.0.0.1 at 2017-06-15 23:29:43 -0600
Processing by PagesController#comingsoon as HTML
  Rendering pages/comingsoon.html.erb within layouts/application
  Rendered pages/comingsoon.html.erb within layouts/application (0.3ms)
Completed 200 OK in 37ms (Views: 35.4ms | ActiveRecord: 0.0ms)


Started GET "/" for 127.0.0.1 at 2017-06-15 23:30:06 -0600
Processing by PagesController#comingsoon as HTML
  Rendering pages/comingsoon.html.erb within layouts/application
  Rendered pages/comingsoon.html.erb within layouts/application (0.4ms)
Completed 200 OK in 48ms (Views: 46.0ms | ActiveRecord: 0.0ms)


Started GET "/" for 127.0.0.1 at 2017-06-15 23:31:02 -0600
Processing by PagesController#comingsoon as HTML
  Rendering pages/comingsoon.html.erb within layouts/application
  Rendered pages/comingsoon.html.erb within layouts/application (0.3ms)
Completed 200 OK in 38ms (Views: 36.5ms | ActiveRecord: 0.0ms)


Started GET "/" for 127.0.0.1 at 2017-06-15 23:31:11 -0600
Processing by PagesController#comingsoon as HTML
  Rendering pages/comingsoon.html.erb within layouts/application
  Rendered pages/comingsoon.html.erb within layouts/application (0.3ms)
Completed 200 OK in 39ms (Views: 37.0ms | ActiveRecord: 0.0ms)


Started GET "/" for 127.0.0.1 at 2017-06-15 23:31:15 -0600
Processing by PagesController#comingsoon as HTML
  Rendering pages/comingsoon.html.erb within layouts/application
  Rendered pages/comingsoon.html.erb within layouts/application (0.4ms)
Completed 200 OK in 44ms (Views: 41.0ms | ActiveRecord: 0.0ms)


Started GET "/" for 127.0.0.1 at 2017-06-15 23:31:46 -0600
Processing by PagesController#comingsoon as HTML
  Rendering pages/comingsoon.html.erb within layouts/application
  Rendered pages/comingsoon.html.erb within layouts/application (0.4ms)
Completed 200 OK in 38ms (Views: 37.0ms | ActiveRecord: 0.0ms)


Started GET "/" for 127.0.0.1 at 2017-06-15 23:31:49 -0600
Processing by PagesController#comingsoon as HTML
  Rendering pages/comingsoon.html.erb within layouts/application
  Rendered pages/comingsoon.html.erb within layouts/application (0.3ms)
Completed 200 OK in 20ms (Views: 18.5ms | ActiveRecord: 0.0ms)


Started GET "/" for 127.0.0.1 at 2017-06-15 23:31:55 -0600
Processing by PagesController#comingsoon as HTML
  Rendering pages/comingsoon.html.erb within layouts/application
  Rendered pages/comingsoon.html.erb within layouts/application (0.3ms)
Completed 200 OK in 41ms (Views: 39.3ms | ActiveRecord: 0.0ms)


Started GET "/" for 127.0.0.1 at 2017-06-15 23:32:25 -0600
Processing by PagesController#comingsoon as HTML
  Rendering pages/comingsoon.html.erb within layouts/application
  Rendered pages/comingsoon.html.erb within layouts/application (0.4ms)
Completed 200 OK in 38ms (Views: 36.3ms | ActiveRecord: 0.0ms)


Started GET "/" for 127.0.0.1 at 2017-06-15 23:32:33 -0600
Processing by PagesController#comingsoon as HTML
  Rendering pages/comingsoon.html.erb within layouts/application
  Rendered pages/comingsoon.html.erb within layouts/application (0.3ms)
Completed 200 OK in 20ms (Views: 18.2ms | ActiveRecord: 0.0ms)


Started GET "/" for 127.0.0.1 at 2017-06-15 23:32:49 -0600
Processing by PagesController#comingsoon as HTML
  Rendering pages/comingsoon.html.erb within layouts/application
  Rendered pages/comingsoon.html.erb within layouts/application (0.4ms)
Completed 200 OK in 18ms (Views: 17.0ms | ActiveRecord: 0.0ms)


Started GET "/" for 127.0.0.1 at 2017-06-15 23:32:55 -0600
Processing by PagesController#comingsoon as HTML
  Rendering pages/comingsoon.html.erb within layouts/application
  Rendered pages/comingsoon.html.erb within layouts/application (0.3ms)
Completed 200 OK in 19ms (Views: 17.3ms | ActiveRecord: 0.0ms)


Started GET "/" for 127.0.0.1 at 2017-06-15 23:33:05 -0600
Processing by PagesController#comingsoon as HTML
  Rendering pages/comingsoon.html.erb within layouts/application
  Rendered pages/comingsoon.html.erb within layouts/application (0.3ms)
Completed 200 OK in 39ms (Views: 37.1ms | ActiveRecord: 0.0ms)


Started GET "/" for 127.0.0.1 at 2017-06-15 23:33:12 -0600
Processing by PagesController#comingsoon as HTML
  Rendering pages/comingsoon.html.erb within layouts/application
  Rendered pages/comingsoon.html.erb within layouts/application (0.5ms)
Completed 200 OK in 41ms (Views: 39.6ms | ActiveRecord: 0.0ms)


Started GET "/" for 127.0.0.1 at 2017-06-15 23:33:37 -0600
Processing by PagesController#comingsoon as HTML
  Rendering pages/comingsoon.html.erb within layouts/application
  Rendered pages/comingsoon.html.erb within layouts/application (0.3ms)
Completed 200 OK in 18ms (Views: 16.5ms | ActiveRecord: 0.0ms)


Started GET "/" for 127.0.0.1 at 2017-06-15 23:33:42 -0600
Processing by PagesController#comingsoon as HTML
  Rendering pages/comingsoon.html.erb within layouts/application
  Rendered pages/comingsoon.html.erb within layouts/application (0.4ms)
Completed 200 OK in 40ms (Views: 38.4ms | ActiveRecord: 0.0ms)


Started GET "/" for 127.0.0.1 at 2017-06-15 23:33:58 -0600
Processing by PagesController#comingsoon as HTML
  Rendering pages/comingsoon.html.erb within layouts/application
  Rendered pages/comingsoon.html.erb within layouts/application (0.3ms)
Completed 200 OK in 39ms (Views: 37.2ms | ActiveRecord: 0.0ms)


Started GET "/" for 127.0.0.1 at 2017-06-15 23:34:09 -0600
Processing by PagesController#comingsoon as HTML
  Rendering pages/comingsoon.html.erb within layouts/application
  Rendered pages/comingsoon.html.erb within layouts/application (0.3ms)
Completed 200 OK in 38ms (Views: 36.9ms | ActiveRecord: 0.0ms)


Started GET "/" for 127.0.0.1 at 2017-06-15 23:34:17 -0600
Processing by PagesController#comingsoon as HTML
  Rendering pages/comingsoon.html.erb within layouts/application
  Rendered pages/comingsoon.html.erb within layouts/application (0.3ms)
Completed 200 OK in 43ms (Views: 41.8ms | ActiveRecord: 0.0ms)


Started GET "/" for 127.0.0.1 at 2017-06-15 23:34:27 -0600
Processing by PagesController#comingsoon as HTML
  Rendering pages/comingsoon.html.erb within layouts/application
  Rendered pages/comingsoon.html.erb within layouts/application (0.3ms)
Completed 200 OK in 38ms (Views: 36.3ms | ActiveRecord: 0.0ms)


Started GET "/" for 127.0.0.1 at 2017-06-15 23:36:04 -0600
Processing by PagesController#comingsoon as HTML
  Rendering pages/comingsoon.html.erb within layouts/application
  Rendered pages/comingsoon.html.erb within layouts/application (0.4ms)
Completed 200 OK in 39ms (Views: 37.0ms | ActiveRecord: 0.0ms)


Started GET "/" for 127.0.0.1 at 2017-06-15 23:36:05 -0600
Processing by PagesController#comingsoon as HTML
  Rendering pages/comingsoon.html.erb within layouts/application
  Rendered pages/comingsoon.html.erb within layouts/application (0.4ms)
Completed 200 OK in 24ms (Views: 22.1ms | ActiveRecord: 0.0ms)


Started GET "/" for 127.0.0.1 at 2017-06-15 23:36:14 -0600
Processing by PagesController#comingsoon as HTML
  Rendering pages/comingsoon.html.erb within layouts/application
  Rendered pages/comingsoon.html.erb within layouts/application (0.6ms)
Completed 200 OK in 39ms (Views: 37.3ms | ActiveRecord: 0.0ms)


Started GET "/" for 127.0.0.1 at 2017-06-15 23:36:19 -0600
Processing by PagesController#comingsoon as HTML
  Rendering pages/comingsoon.html.erb within layouts/application
  Rendered pages/comingsoon.html.erb within layouts/application (0.3ms)
Completed 200 OK in 36ms (Views: 34.5ms | ActiveRecord: 0.0ms)


Started GET "/" for 127.0.0.1 at 2017-06-15 23:36:26 -0600
Processing by PagesController#comingsoon as HTML
  Rendering pages/comingsoon.html.erb within layouts/application
  Rendered pages/comingsoon.html.erb within layouts/application (0.3ms)
Completed 200 OK in 40ms (Views: 38.8ms | ActiveRecord: 0.0ms)


Started GET "/" for 127.0.0.1 at 2017-06-15 23:36:30 -0600
Processing by PagesController#comingsoon as HTML
  Rendering pages/comingsoon.html.erb within layouts/application
  Rendered pages/comingsoon.html.erb within layouts/application (0.3ms)
Completed 200 OK in 38ms (Views: 36.3ms | ActiveRecord: 0.0ms)


Started GET "/" for 127.0.0.1 at 2017-06-15 23:36:41 -0600
Processing by PagesController#comingsoon as HTML
  Rendering pages/comingsoon.html.erb within layouts/application
  Rendered pages/comingsoon.html.erb within layouts/application (0.3ms)
Completed 200 OK in 44ms (Views: 42.2ms | ActiveRecord: 0.0ms)


Started GET "/" for 127.0.0.1 at 2017-06-15 23:36:45 -0600
Processing by PagesController#comingsoon as HTML
  Rendering pages/comingsoon.html.erb within layouts/application
  Rendered pages/comingsoon.html.erb within layouts/application (0.3ms)
Completed 200 OK in 38ms (Views: 36.5ms | ActiveRecord: 0.0ms)


Started GET "/" for 127.0.0.1 at 2017-06-15 23:36:56 -0600
Processing by PagesController#comingsoon as HTML
  Rendering pages/comingsoon.html.erb within layouts/application
  Rendered pages/comingsoon.html.erb within layouts/application (0.5ms)
Completed 200 OK in 57ms (Views: 55.0ms | ActiveRecord: 0.0ms)


Started GET "/" for 127.0.0.1 at 2017-06-15 23:37:05 -0600
Processing by PagesController#comingsoon as HTML
  Rendering pages/comingsoon.html.erb within layouts/application
  Rendered pages/comingsoon.html.erb within layouts/application (0.3ms)
Completed 200 OK in 42ms (Views: 40.2ms | ActiveRecord: 0.0ms)


Started GET "/" for 127.0.0.1 at 2017-06-15 23:40:10 -0600
Processing by PagesController#comingsoon as HTML
  Rendering pages/comingsoon.html.erb within layouts/application
  Rendered pages/comingsoon.html.erb within layouts/application (36.1ms)
Completed 200 OK in 72ms (Views: 69.9ms | ActiveRecord: 0.0ms)


Started GET "/" for 127.0.0.1 at 2017-06-15 23:41:50 -0600
Processing by PagesController#comingsoon as HTML
  Rendering pages/comingsoon.html.erb within layouts/application
  Rendered pages/comingsoon.html.erb within layouts/application (1.2ms)
Completed 200 OK in 46ms (Views: 44.6ms | ActiveRecord: 0.0ms)


Started GET "/" for 127.0.0.1 at 2017-06-15 23:42:00 -0600
Processing by PagesController#comingsoon as HTML
  Rendering pages/comingsoon.html.erb within layouts/application
  Rendered pages/comingsoon.html.erb within layouts/application (1.8ms)
Completed 200 OK in 43ms (Views: 41.6ms | ActiveRecord: 0.0ms)


Started GET "/" for 127.0.0.1 at 2017-06-15 23:42:10 -0600
Processing by PagesController#comingsoon as HTML
  Rendering pages/comingsoon.html.erb within layouts/application
  Rendered pages/comingsoon.html.erb within layouts/application (1.2ms)
Completed 200 OK in 40ms (Views: 38.6ms | ActiveRecord: 0.0ms)


Started GET "/" for 127.0.0.1 at 2017-06-15 23:42:25 -0600
Processing by PagesController#comingsoon as HTML
  Rendering pages/comingsoon.html.erb within layouts/application
  Rendered pages/comingsoon.html.erb within layouts/application (1.1ms)
Completed 200 OK in 39ms (Views: 37.2ms | ActiveRecord: 0.0ms)


Started GET "/" for 127.0.0.1 at 2017-06-15 23:42:58 -0600
Processing by PagesController#comingsoon as HTML
  Rendering pages/comingsoon.html.erb within layouts/application
  Rendered pages/comingsoon.html.erb within layouts/application (1.3ms)
Completed 200 OK in 41ms (Views: 39.1ms | ActiveRecord: 0.0ms)


Started GET "/" for 127.0.0.1 at 2017-06-15 23:43:20 -0600
Processing by PagesController#comingsoon as HTML
  Rendering pages/comingsoon.html.erb within layouts/application
  Rendered pages/comingsoon.html.erb within layouts/application (1.2ms)
Completed 200 OK in 43ms (Views: 41.0ms | ActiveRecord: 0.0ms)


Started GET "/" for 127.0.0.1 at 2017-06-15 23:43:25 -0600
Processing by PagesController#comingsoon as HTML
  Rendering pages/comingsoon.html.erb within layouts/application
  Rendered pages/comingsoon.html.erb within layouts/application (1.2ms)
Completed 200 OK in 45ms (Views: 43.4ms | ActiveRecord: 0.0ms)


Started GET "/" for 127.0.0.1 at 2017-06-15 23:43:28 -0600
Processing by PagesController#comingsoon as HTML
  Rendering pages/comingsoon.html.erb within layouts/application
  Rendered pages/comingsoon.html.erb within layouts/application (1.3ms)
Completed 200 OK in 47ms (Views: 45.5ms | ActiveRecord: 0.0ms)


Started GET "/" for 127.0.0.1 at 2017-06-15 23:43:33 -0600
Processing by PagesController#comingsoon as HTML
  Rendering pages/comingsoon.html.erb within layouts/application
  Rendered pages/comingsoon.html.erb within layouts/application (1.2ms)
Completed 200 OK in 39ms (Views: 37.4ms | ActiveRecord: 0.0ms)


Started GET "/" for 127.0.0.1 at 2017-06-15 23:44:38 -0600
Processing by PagesController#comingsoon as HTML
  Rendering pages/comingsoon.html.erb within layouts/application
  Rendered pages/comingsoon.html.erb within layouts/application (1.6ms)
Completed 200 OK in 45ms (Views: 43.7ms | ActiveRecord: 0.0ms)


Started GET "/" for 127.0.0.1 at 2017-06-15 23:44:43 -0600
Processing by PagesController#comingsoon as HTML
  Rendering pages/comingsoon.html.erb within layouts/application
  Rendered pages/comingsoon.html.erb within layouts/application (1.1ms)
Completed 200 OK in 39ms (Views: 37.8ms | ActiveRecord: 0.0ms)


Started GET "/" for 127.0.0.1 at 2017-06-15 23:44:47 -0600
Processing by PagesController#comingsoon as HTML
  Rendering pages/comingsoon.html.erb within layouts/application
  Rendered pages/comingsoon.html.erb within layouts/application (1.5ms)
Completed 200 OK in 43ms (Views: 41.2ms | ActiveRecord: 0.0ms)


Started GET "/" for 127.0.0.1 at 2017-06-15 23:44:51 -0600
Processing by PagesController#comingsoon as HTML
  Rendering pages/comingsoon.html.erb within layouts/application
  Rendered pages/comingsoon.html.erb within layouts/application (1.2ms)
Completed 200 OK in 40ms (Views: 38.4ms | ActiveRecord: 0.0ms)


Started GET "/" for 127.0.0.1 at 2017-06-15 23:45:03 -0600
Processing by PagesController#comingsoon as HTML
  Rendering pages/comingsoon.html.erb within layouts/application
  Rendered pages/comingsoon.html.erb within layouts/application (1.2ms)
Completed 200 OK in 19ms (Views: 17.4ms | ActiveRecord: 0.0ms)


Started GET "/" for 127.0.0.1 at 2017-06-15 23:46:36 -0600
Processing by PagesController#comingsoon as HTML
  Rendering pages/comingsoon.html.erb within layouts/application
  Rendered pages/comingsoon.html.erb within layouts/application (1.3ms)
Completed 200 OK in 47ms (Views: 45.6ms | ActiveRecord: 0.0ms)


Started GET "/" for 127.0.0.1 at 2017-06-15 23:47:35 -0600
Processing by PagesController#comingsoon as HTML
  Rendering pages/comingsoon.html.erb within layouts/application
  Rendered pages/comingsoon.html.erb within layouts/application (3.2ms)
Completed 200 OK in 50ms (Views: 48.8ms | ActiveRecord: 0.0ms)


Started GET "/" for 127.0.0.1 at 2017-06-15 23:48:03 -0600
Processing by PagesController#comingsoon as HTML
  Rendering pages/comingsoon.html.erb within layouts/application
  Rendered pages/comingsoon.html.erb within layouts/application (1.4ms)
Completed 200 OK in 52ms (Views: 50.4ms | ActiveRecord: 0.0ms)


Started GET "/" for 127.0.0.1 at 2017-06-15 23:48:18 -0600
Processing by PagesController#comingsoon as HTML
  Rendering pages/comingsoon.html.erb within layouts/application
  Rendered pages/comingsoon.html.erb within layouts/application (1.2ms)
Completed 200 OK in 43ms (Views: 41.6ms | ActiveRecord: 0.0ms)


Started GET "/" for 127.0.0.1 at 2017-06-15 23:48:25 -0600
Processing by PagesController#comingsoon as HTML
  Rendering pages/comingsoon.html.erb within layouts/application
  Rendered pages/comingsoon.html.erb within layouts/application (1.8ms)
Completed 200 OK in 50ms (Views: 47.7ms | ActiveRecord: 0.0ms)


Started GET "/" for 127.0.0.1 at 2017-06-15 23:48:41 -0600
Processing by PagesController#comingsoon as HTML
  Rendering pages/comingsoon.html.erb within layouts/application
  Rendered pages/comingsoon.html.erb within layouts/application (1.2ms)
Completed 200 OK in 49ms (Views: 47.1ms | ActiveRecord: 0.0ms)


Started GET "/" for 127.0.0.1 at 2017-06-15 23:49:02 -0600
Processing by PagesController#comingsoon as HTML
  Rendering pages/comingsoon.html.erb within layouts/application
  Rendered pages/comingsoon.html.erb within layouts/application (1.2ms)
Completed 200 OK in 49ms (Views: 47.1ms | ActiveRecord: 0.0ms)


Started GET "/" for 127.0.0.1 at 2017-06-15 23:49:31 -0600
Processing by PagesController#comingsoon as HTML
  Rendering pages/comingsoon.html.erb within layouts/application
  Rendered pages/comingsoon.html.erb within layouts/application (1.2ms)
Completed 200 OK in 45ms (Views: 43.9ms | ActiveRecord: 0.0ms)


Started GET "/" for 127.0.0.1 at 2017-06-15 23:49:45 -0600
Processing by PagesController#comingsoon as HTML
  Rendering pages/comingsoon.html.erb within layouts/application
  Rendered pages/comingsoon.html.erb within layouts/application (1.2ms)
Completed 200 OK in 49ms (Views: 47.6ms | ActiveRecord: 0.0ms)


Started GET "/" for 127.0.0.1 at 2017-06-15 23:50:00 -0600
Processing by PagesController#comingsoon as HTML
  Rendering pages/comingsoon.html.erb within layouts/application
  Rendered pages/comingsoon.html.erb within layouts/application (1.2ms)
Completed 200 OK in 44ms (Views: 41.6ms | ActiveRecord: 0.0ms)


Started GET "/" for 127.0.0.1 at 2017-06-15 23:50:26 -0600
Processing by PagesController#comingsoon as HTML
  Rendering pages/comingsoon.html.erb within layouts/application
  Rendered pages/comingsoon.html.erb within layouts/application (1.9ms)
Completed 200 OK in 20ms (Views: 18.3ms | ActiveRecord: 0.0ms)


Started GET "/" for 127.0.0.1 at 2017-06-15 23:51:28 -0600
Processing by PagesController#comingsoon as HTML
  Rendering pages/comingsoon.html.erb within layouts/application
  Rendered pages/comingsoon.html.erb within layouts/application (1.2ms)
Completed 200 OK in 46ms (Views: 44.3ms | ActiveRecord: 0.0ms)


Started GET "/" for 127.0.0.1 at 2017-06-15 23:51:57 -0600
Processing by PagesController#comingsoon as HTML
  Rendering pages/comingsoon.html.erb within layouts/application
  Rendered pages/comingsoon.html.erb within layouts/application (1.1ms)
Completed 200 OK in 50ms (Views: 47.6ms | ActiveRecord: 0.0ms)


Started GET "/" for 127.0.0.1 at 2017-06-15 23:52:06 -0600
Processing by PagesController#comingsoon as HTML
  Rendering pages/comingsoon.html.erb within layouts/application
  Rendered pages/comingsoon.html.erb within layouts/application (1.1ms)
Completed 200 OK in 46ms (Views: 44.5ms | ActiveRecord: 0.0ms)


Started GET "/" for 127.0.0.1 at 2017-06-15 23:52:18 -0600
Processing by PagesController#comingsoon as HTML
  Rendering pages/comingsoon.html.erb within layouts/application
  Rendered pages/comingsoon.html.erb within layouts/application (1.9ms)
Completed 200 OK in 47ms (Views: 44.9ms | ActiveRecord: 0.0ms)


Started GET "/" for 127.0.0.1 at 2017-06-15 23:52:23 -0600
Processing by PagesController#comingsoon as HTML
  Rendering pages/comingsoon.html.erb within layouts/application
  Rendered pages/comingsoon.html.erb within layouts/application (1.2ms)
Completed 200 OK in 52ms (Views: 50.2ms | ActiveRecord: 0.0ms)


Started GET "/" for 127.0.0.1 at 2017-06-15 23:56:02 -0600
Processing by PagesController#comingsoon as HTML
  Rendering pages/comingsoon.html.erb within layouts/application
  Rendered pages/comingsoon.html.erb within layouts/application (1.2ms)
Completed 200 OK in 21ms (Views: 19.4ms | ActiveRecord: 0.0ms)


Started GET "/" for 127.0.0.1 at 2017-06-15 23:56:57 -0600
Processing by PagesController#comingsoon as HTML
  Rendering pages/comingsoon.html.erb within layouts/application
  Rendered pages/comingsoon.html.erb within layouts/application (1.4ms)
Completed 200 OK in 21ms (Views: 19.3ms | ActiveRecord: 0.0ms)


Started GET "/" for 127.0.0.1 at 2017-06-15 23:57:12 -0600
Processing by PagesController#comingsoon as HTML
  Rendering pages/comingsoon.html.erb within layouts/application
  Rendered pages/comingsoon.html.erb within layouts/application (1.2ms)
Completed 200 OK in 18ms (Views: 16.4ms | ActiveRecord: 0.0ms)


Started GET "/" for 127.0.0.1 at 2017-06-15 23:57:20 -0600
Processing by PagesController#comingsoon as HTML
  Rendering pages/comingsoon.html.erb within layouts/application
  Rendered pages/comingsoon.html.erb within layouts/application (1.3ms)
Completed 200 OK in 22ms (Views: 19.4ms | ActiveRecord: 0.0ms)


Started GET "/" for 127.0.0.1 at 2017-06-15 23:57:30 -0600
Processing by PagesController#comingsoon as HTML
  Rendering pages/comingsoon.html.erb within layouts/application
  Rendered pages/comingsoon.html.erb within layouts/application (1.3ms)
Completed 200 OK in 25ms (Views: 23.4ms | ActiveRecord: 0.0ms)


Started GET "/" for 127.0.0.1 at 2017-06-15 23:57:34 -0600
Processing by PagesController#comingsoon as HTML
  Rendering pages/comingsoon.html.erb within layouts/application
  Rendered pages/comingsoon.html.erb within layouts/application (1.2ms)
Completed 200 OK in 18ms (Views: 16.3ms | ActiveRecord: 0.0ms)


Started GET "/" for 127.0.0.1 at 2017-06-15 23:58:02 -0600
Processing by PagesController#comingsoon as HTML
  Rendering pages/comingsoon.html.erb within layouts/application
  Rendered pages/comingsoon.html.erb within layouts/application (1.3ms)
Completed 200 OK in 19ms (Views: 17.4ms | ActiveRecord: 0.0ms)


Started GET "/" for 127.0.0.1 at 2017-06-15 23:58:07 -0600
Processing by PagesController#comingsoon as HTML
  Rendering pages/comingsoon.html.erb within layouts/application
  Rendered pages/comingsoon.html.erb within layouts/application (1.3ms)
Completed 200 OK in 27ms (Views: 24.6ms | ActiveRecord: 0.0ms)


Started GET "/" for 127.0.0.1 at 2017-06-15 23:58:28 -0600
Processing by PagesController#comingsoon as HTML
  Rendering pages/comingsoon.html.erb within layouts/application
  Rendered pages/comingsoon.html.erb within layouts/application (1.3ms)
Completed 200 OK in 19ms (Views: 18.0ms | ActiveRecord: 0.0ms)


Started GET "/" for 127.0.0.1 at 2017-06-16 00:00:22 -0600
Processing by PagesController#comingsoon as HTML
  Rendering pages/comingsoon.html.erb within layouts/application
  Rendered pages/comingsoon.html.erb within layouts/application (2.5ms)
Completed 200 OK in 19ms (Views: 17.7ms | ActiveRecord: 0.0ms)


Started GET "/" for 127.0.0.1 at 2017-06-16 00:01:28 -0600
Processing by PagesController#comingsoon as HTML
  Rendering pages/comingsoon.html.erb within layouts/application
  Rendered pages/comingsoon.html.erb within layouts/application (1.8ms)
Completed 200 OK in 52ms (Views: 50.2ms | ActiveRecord: 0.0ms)


Started GET "/" for 127.0.0.1 at 2017-06-16 00:01:38 -0600
Processing by PagesController#comingsoon as HTML
  Rendering pages/comingsoon.html.erb within layouts/application
  Rendered pages/comingsoon.html.erb within layouts/application (1.2ms)
Completed 200 OK in 44ms (Views: 42.3ms | ActiveRecord: 0.0ms)


Started GET "/" for 127.0.0.1 at 2017-06-16 00:01:59 -0600
Processing by PagesController#comingsoon as HTML
  Rendering pages/comingsoon.html.erb within layouts/application
  Rendered pages/comingsoon.html.erb within layouts/application (1.4ms)
Completed 200 OK in 74ms (Views: 71.5ms | ActiveRecord: 0.0ms)


Started GET "/" for 127.0.0.1 at 2017-06-16 00:02:03 -0600
Processing by PagesController#comingsoon as HTML
  Rendering pages/comingsoon.html.erb within layouts/application
  Rendered pages/comingsoon.html.erb within layouts/application (1.3ms)
Completed 200 OK in 75ms (Views: 73.3ms | ActiveRecord: 0.0ms)


Started GET "/" for 127.0.0.1 at 2017-06-16 00:02:18 -0600
Processing by PagesController#comingsoon as HTML
  Rendering pages/comingsoon.html.erb within layouts/application
  Rendered pages/comingsoon.html.erb within layouts/application (2.5ms)
Completed 200 OK in 53ms (Views: 51.4ms | ActiveRecord: 0.0ms)


Started GET "/" for 127.0.0.1 at 2017-06-16 00:02:23 -0600
Processing by PagesController#comingsoon as HTML
  Rendering pages/comingsoon.html.erb within layouts/application
  Rendered pages/comingsoon.html.erb within layouts/application (1.3ms)
Completed 200 OK in 18ms (Views: 16.9ms | ActiveRecord: 0.0ms)


Started GET "/" for 127.0.0.1 at 2017-06-16 00:03:06 -0600
Processing by PagesController#comingsoon as HTML
  Rendering pages/comingsoon.html.erb within layouts/application
  Rendered pages/comingsoon.html.erb within layouts/application (1.3ms)
Completed 200 OK in 53ms (Views: 51.1ms | ActiveRecord: 0.0ms)


Started GET "/" for 127.0.0.1 at 2017-06-16 00:03:14 -0600
Processing by PagesController#comingsoon as HTML
  Rendering pages/comingsoon.html.erb within layouts/application
  Rendered pages/comingsoon.html.erb within layouts/application (1.2ms)
Completed 200 OK in 45ms (Views: 43.6ms | ActiveRecord: 0.0ms)


Started GET "/" for 127.0.0.1 at 2017-06-16 00:03:19 -0600
Processing by PagesController#comingsoon as HTML
  Rendering pages/comingsoon.html.erb within layouts/application
  Rendered pages/comingsoon.html.erb within layouts/application (1.2ms)
Completed 200 OK in 46ms (Views: 44.1ms | ActiveRecord: 0.0ms)


Started GET "/" for 127.0.0.1 at 2017-06-16 00:03:22 -0600
Processing by PagesController#comingsoon as HTML
  Rendering pages/comingsoon.html.erb within layouts/application
  Rendered pages/comingsoon.html.erb within layouts/application (1.3ms)
Completed 200 OK in 53ms (Views: 51.1ms | ActiveRecord: 0.0ms)


Started GET "/" for 127.0.0.1 at 2017-06-16 00:03:26 -0600
Processing by PagesController#comingsoon as HTML
  Rendering pages/comingsoon.html.erb within layouts/application
  Rendered pages/comingsoon.html.erb within layouts/application (1.3ms)
Completed 200 OK in 47ms (Views: 45.2ms | ActiveRecord: 0.0ms)


Started GET "/" for 127.0.0.1 at 2017-06-16 00:03:32 -0600
Processing by PagesController#comingsoon as HTML
  Rendering pages/comingsoon.html.erb within layouts/application
  Rendered pages/comingsoon.html.erb within layouts/application (1.4ms)
Completed 200 OK in 56ms (Views: 54.3ms | ActiveRecord: 0.0ms)


Started GET "/" for 127.0.0.1 at 2017-06-16 00:04:13 -0600
Processing by PagesController#comingsoon as HTML
  Rendering pages/comingsoon.html.erb within layouts/application
  Rendered pages/comingsoon.html.erb within layouts/application (1.1ms)
Completed 200 OK in 43ms (Views: 41.6ms | ActiveRecord: 0.0ms)


Started GET "/" for 127.0.0.1 at 2017-06-16 00:04:17 -0600
Processing by PagesController#comingsoon as HTML
  Rendering pages/comingsoon.html.erb within layouts/application
  Rendered pages/comingsoon.html.erb within layouts/application (1.3ms)
Completed 200 OK in 48ms (Views: 46.2ms | ActiveRecord: 0.0ms)


Started GET "/" for 127.0.0.1 at 2017-06-16 00:04:33 -0600
Processing by PagesController#comingsoon as HTML
  Rendering pages/comingsoon.html.erb within layouts/application
  Rendered pages/comingsoon.html.erb within layouts/application (1.2ms)
Completed 200 OK in 46ms (Views: 44.0ms | ActiveRecord: 0.0ms)


Started GET "/" for 127.0.0.1 at 2017-06-16 00:04:50 -0600
Processing by PagesController#comingsoon as HTML
  Rendering pages/comingsoon.html.erb within layouts/application
  Rendered pages/comingsoon.html.erb within layouts/application (1.3ms)
Completed 200 OK in 45ms (Views: 43.9ms | ActiveRecord: 0.0ms)


Started GET "/" for 127.0.0.1 at 2017-06-16 00:04:59 -0600
Processing by PagesController#comingsoon as HTML
  Rendering pages/comingsoon.html.erb within layouts/application
  Rendered pages/comingsoon.html.erb within layouts/application (1.5ms)
Completed 200 OK in 51ms (Views: 49.2ms | ActiveRecord: 0.0ms)


Started GET "/" for 127.0.0.1 at 2017-06-16 00:05:33 -0600
Processing by PagesController#comingsoon as HTML
  Rendering pages/comingsoon.html.erb within layouts/application
  Rendered pages/comingsoon.html.erb within layouts/application (1.4ms)
Completed 200 OK in 53ms (Views: 51.5ms | ActiveRecord: 0.0ms)


Started GET "/" for 127.0.0.1 at 2017-06-16 00:05:37 -0600
Processing by PagesController#comingsoon as HTML
  Rendering pages/comingsoon.html.erb within layouts/application
  Rendered pages/comingsoon.html.erb within layouts/application (1.3ms)
Completed 200 OK in 52ms (Views: 50.9ms | ActiveRecord: 0.0ms)


Started GET "/" for 127.0.0.1 at 2017-06-16 00:05:40 -0600
Processing by PagesController#comingsoon as HTML
  Rendering pages/comingsoon.html.erb within layouts/application
  Rendered pages/comingsoon.html.erb within layouts/application (1.2ms)
Completed 200 OK in 43ms (Views: 41.6ms | ActiveRecord: 0.0ms)


Started GET "/" for 127.0.0.1 at 2017-06-16 00:05:53 -0600
Processing by PagesController#comingsoon as HTML
  Rendering pages/comingsoon.html.erb within layouts/application
  Rendered pages/comingsoon.html.erb within layouts/application (1.2ms)
Completed 200 OK in 20ms (Views: 18.7ms | ActiveRecord: 0.0ms)


Started GET "/" for 127.0.0.1 at 2017-06-16 00:06:11 -0600
Processing by PagesController#comingsoon as HTML
  Rendering pages/comingsoon.html.erb within layouts/application
  Rendered pages/comingsoon.html.erb within layouts/application (1.4ms)
Completed 200 OK in 42ms (Views: 40.2ms | ActiveRecord: 0.0ms)


Started GET "/" for 127.0.0.1 at 2017-06-16 00:06:50 -0600
Processing by PagesController#comingsoon as HTML
  Rendering pages/comingsoon.html.erb within layouts/application
  Rendered pages/comingsoon.html.erb within layouts/application (1.1ms)
Completed 200 OK in 48ms (Views: 46.4ms | ActiveRecord: 0.0ms)


Started GET "/" for 127.0.0.1 at 2017-06-16 00:06:56 -0600
Processing by PagesController#comingsoon as HTML
  Rendering pages/comingsoon.html.erb within layouts/application
  Rendered pages/comingsoon.html.erb within layouts/application (1.7ms)
Completed 200 OK in 45ms (Views: 43.1ms | ActiveRecord: 0.0ms)


Started GET "/" for 127.0.0.1 at 2017-06-16 00:07:01 -0600
Processing by PagesController#comingsoon as HTML
  Rendering pages/comingsoon.html.erb within layouts/application
  Rendered pages/comingsoon.html.erb within layouts/application (2.0ms)
Completed 200 OK in 47ms (Views: 45.2ms | ActiveRecord: 0.0ms)


Started GET "/" for 127.0.0.1 at 2017-06-16 00:07:05 -0600
Processing by PagesController#comingsoon as HTML
  Rendering pages/comingsoon.html.erb within layouts/application
  Rendered pages/comingsoon.html.erb within layouts/application (1.3ms)
Completed 200 OK in 51ms (Views: 49.8ms | ActiveRecord: 0.0ms)


Started GET "/" for 127.0.0.1 at 2017-06-16 00:07:15 -0600
Processing by PagesController#comingsoon as HTML
  Rendering pages/comingsoon.html.erb within layouts/application
  Rendered pages/comingsoon.html.erb within layouts/application (1.2ms)
Completed 200 OK in 44ms (Views: 42.7ms | ActiveRecord: 0.0ms)


Started GET "/" for 127.0.0.1 at 2017-06-16 00:07:21 -0600
Processing by PagesController#comingsoon as HTML
  Rendering pages/comingsoon.html.erb within layouts/application
  Rendered pages/comingsoon.html.erb within layouts/application (1.3ms)
Completed 200 OK in 48ms (Views: 46.6ms | ActiveRecord: 0.0ms)


Started GET "/" for 127.0.0.1 at 2017-06-16 00:07:33 -0600
Processing by PagesController#comingsoon as HTML
  Rendering pages/comingsoon.html.erb within layouts/application
  Rendered pages/comingsoon.html.erb within layouts/application (1.7ms)
Completed 200 OK in 48ms (Views: 46.1ms | ActiveRecord: 0.0ms)


Started GET "/" for 127.0.0.1 at 2017-06-16 00:08:02 -0600
Processing by PagesController#comingsoon as HTML
  Rendering pages/comingsoon.html.erb within layouts/application
  Rendered pages/comingsoon.html.erb within layouts/application (1.3ms)
Completed 200 OK in 51ms (Views: 49.1ms | ActiveRecord: 0.0ms)


Started GET "/" for 127.0.0.1 at 2017-06-16 00:08:13 -0600
Processing by PagesController#comingsoon as HTML
  Rendering pages/comingsoon.html.erb within layouts/application
  Rendered pages/comingsoon.html.erb within layouts/application (1.2ms)
Completed 200 OK in 50ms (Views: 48.1ms | ActiveRecord: 0.0ms)


Started GET "/" for 127.0.0.1 at 2017-06-16 00:10:09 -0600
Processing by PagesController#comingsoon as HTML
  Rendering pages/comingsoon.html.erb within layouts/application
  Rendered pages/comingsoon.html.erb within layouts/application (1.2ms)
Completed 200 OK in 19ms (Views: 17.8ms | ActiveRecord: 0.0ms)


Started GET "/" for 127.0.0.1 at 2017-06-16 00:10:12 -0600
Processing by PagesController#comingsoon as HTML
  Rendering pages/comingsoon.html.erb within layouts/application
  Rendered pages/comingsoon.html.erb within layouts/application (1.2ms)
Completed 200 OK in 17ms (Views: 15.0ms | ActiveRecord: 0.0ms)


Started GET "/" for 127.0.0.1 at 2017-06-16 00:24:05 -0600
Processing by PagesController#comingsoon as HTML
  Rendering pages/comingsoon.html.erb within layouts/application
  Rendered pages/comingsoon.html.erb within layouts/application (1.2ms)
Completed 200 OK in 24ms (Views: 22.3ms | ActiveRecord: 0.0ms)


